C:\USERS\HAMPUS\DOCUMENTS\GITHUB\SUITEMUP_\SUITEMUP_BASEV2\THELASTBOX\RELEASE\THELASTBOX.PCH
C:\USERS\HAMPUS\DOCUMENTS\GITHUB\SUITEMUP_\SUITEMUP_BASEV2\THELASTBOX\RELEASE\STDAFX.OBJ
C:\USERS\HAMPUS\DOCUMENTS\GITHUB\SUITEMUP_\SUITEMUP_BASEV2\THELASTBOX\RELEASE\VC110.PDB
C:\USERS\HAMPUS\DOCUMENTS\GITHUB\SUITEMUP_\SUITEMUP_BASEV2\THELASTBOX\RELEASE\MENU_BUTTON.OBJ
C:\USERS\HAMPUS\DOCUMENTS\GITHUB\SUITEMUP_\SUITEMUP_BASEV2\THELASTBOX\RELEASE\MENUSTATE.OBJ
C:\USERS\HAMPUS\DOCUMENTS\GITHUB\SUITEMUP_\SUITEMUP_BASEV2\THELASTBOX\RELEASE\MAIN.OBJ
C:\USERS\HAMPUS\DOCUMENTS\GITHUB\SUITEMUP_\SUITEMUP_BASEV2\THELASTBOX\RELEASE\LEVEL_WALL.OBJ
C:\USERS\HAMPUS\DOCUMENTS\GITHUB\SUITEMUP_\SUITEMUP_BASEV2\THELASTBOX\RELEASE\INPUTMAN.OBJ
C:\USERS\HAMPUS\DOCUMENTS\GITHUB\SUITEMUP_\SUITEMUP_BASEV2\THELASTBOX\RELEASE\HIDDEN_WALL.OBJ
C:\USERS\HAMPUS\DOCUMENTS\GITHUB\SUITEMUP_\SUITEMUP_BASEV2\THELASTBOX\RELEASE\GROUND_BUMP.OBJ
C:\USERS\HAMPUS\DOCUMENTS\GITHUB\SUITEMUP_\SUITEMUP_BASEV2\THELASTBOX\RELEASE\GROUND.OBJ
C:\USERS\HAMPUS\DOCUMENTS\GITHUB\SUITEMUP_\SUITEMUP_BASEV2\THELASTBOX\RELEASE\NODEMAN.OBJ
C:\USERS\HAMPUS\DOCUMENTS\GITHUB\SUITEMUP_\SUITEMUP_BASEV2\THELASTBOX\RELEASE\GAMEOBJECT.OBJ
C:\USERS\HAMPUS\DOCUMENTS\GITHUB\SUITEMUP_\SUITEMUP_BASEV2\THELASTBOX\RELEASE\GAME.OBJ
C:\USERS\HAMPUS\DOCUMENTS\GITHUB\SUITEMUP_\SUITEMUP_BASEV2\THELASTBOX\RELEASE\FONTMAN.OBJ
C:\USERS\HAMPUS\DOCUMENTS\GITHUB\SUITEMUP_\SUITEMUP_BASEV2\THELASTBOX\RELEASE\FILM_GRAIN.OBJ
C:\USERS\HAMPUS\DOCUMENTS\GITHUB\SUITEMUP_\SUITEMUP_BASEV2\THELASTBOX\RELEASE\ENEMY_LARVA.OBJ
C:\USERS\HAMPUS\DOCUMENTS\GITHUB\SUITEMUP_\SUITEMUP_BASEV2\THELASTBOX\RELEASE\ENEMYOBJECT.OBJ
C:\USERS\HAMPUS\DOCUMENTS\GITHUB\SUITEMUP_\SUITEMUP_BASEV2\THELASTBOX\RELEASE\ENEMYBULLET.OBJ
C:\USERS\HAMPUS\DOCUMENTS\GITHUB\SUITEMUP_\SUITEMUP_BASEV2\THELASTBOX\RELEASE\CURSOROBJECT.OBJ
C:\USERS\HAMPUS\DOCUMENTS\GITHUB\SUITEMUP_\SUITEMUP_BASEV2\THELASTBOX\RELEASE\CROSSBOW.OBJ
C:\USERS\HAMPUS\DOCUMENTS\GITHUB\SUITEMUP_\SUITEMUP_BASEV2\THELASTBOX\RELEASE\COLLISIONMAN.OBJ
C:\USERS\HAMPUS\DOCUMENTS\GITHUB\SUITEMUP_\SUITEMUP_BASEV2\THELASTBOX\RELEASE\ANIMATION.OBJ
C:\USERS\HAMPUS\DOCUMENTS\GITHUB\SUITEMUP_\SUITEMUP_BASEV2\THELASTBOX\RELEASE\GAMESTATE.OBJ
C:\USERS\HAMPUS\DOCUMENTS\GITHUB\SUITEMUP_\SUITEMUP_BASEV2\THELASTBOX\RELEASE\THELASTBOX.OBJ
C:\USERS\HAMPUS\DOCUMENTS\GITHUB\SUITEMUP_\SUITEMUP_BASEV2\THELASTBOX\RELEASE\TEXTUREMAN.OBJ
C:\USERS\HAMPUS\DOCUMENTS\GITHUB\SUITEMUP_\SUITEMUP_BASEV2\THELASTBOX\RELEASE\STATEMANAGER.OBJ
C:\USERS\HAMPUS\DOCUMENTS\GITHUB\SUITEMUP_\SUITEMUP_BASEV2\THELASTBOX\RELEASE\STATEMAN.OBJ
C:\USERS\HAMPUS\DOCUMENTS\GITHUB\SUITEMUP_\SUITEMUP_BASEV2\THELASTBOX\RELEASE\SOUNDPLAYER.OBJ
C:\USERS\HAMPUS\DOCUMENTS\GITHUB\SUITEMUP_\SUITEMUP_BASEV2\THELASTBOX\RELEASE\SCENENODE.OBJ
C:\USERS\HAMPUS\DOCUMENTS\GITHUB\SUITEMUP_\SUITEMUP_BASEV2\THELASTBOX\RELEASE\SCENE.OBJ
C:\USERS\HAMPUS\DOCUMENTS\GITHUB\SUITEMUP_\SUITEMUP_BASEV2\THELASTBOX\RELEASE\PROMPT.OBJ
C:\USERS\HAMPUS\DOCUMENTS\GITHUB\SUITEMUP_\SUITEMUP_BASEV2\THELASTBOX\RELEASE\PLAYER_ARMS.OBJ
C:\USERS\HAMPUS\DOCUMENTS\GITHUB\SUITEMUP_\SUITEMUP_BASEV2\THELASTBOX\RELEASE\PLAYERBULLET.OBJ
C:\USERS\HAMPUS\DOCUMENTS\GITHUB\SUITEMUP_\SUITEMUP_BASEV2\THELASTBOX\RELEASE\PLAYEROBJECT.OBJ
C:\USERS\HAMPUS\DOCUMENTS\GITHUB\SUITEMUP_\SUITEMUP_BASEV2\THELASTBOX\RELEASE\PAUSEMENU.OBJ
C:\USERS\HAMPUS\DOCUMENTS\GITHUB\SUITEMUP_\SUITEMUP_BASEV2\THELASTBOX\RELEASE\PARTICLEEMITTER.OBJ
C:\USERS\HAMPUS\DOCUMENTS\GITHUB\SUITEMUP_\SUITEMUP_BASEV2\THELASTBOX\RELEASE\PARTICLE.OBJ
C:\USERS\HAMPUS\DOCUMENTS\GITHUB\SUITEMUP_\SUITEMUP_BASEV2\THELASTBOX\RELEASE\MUSICPLAYER.OBJ
C:\USERS\HAMPUS\DOCUMENTS\GITHUB\SUITEMUP_\SUITEMUP_BASEV2\THELASTBOX\RELEASE\MORKER.OBJ
C:\USERS\HAMPUS\DOCUMENTS\GITHUB\SUITEMUP_\SUITEMUP_BASEV2\THELASTBOX\RELEASE\STAR.OBJ
C:\USERS\HAMPUS\DOCUMENTS\GITHUB\SUITEMUP_\SUITEMUP_BASEV2\RELEASE\THELASTBOX.EXE
C:\USERS\HAMPUS\DOCUMENTS\GITHUB\SUITEMUP_\SUITEMUP_BASEV2\RELEASE\THELASTBOX.PDB
C:\Users\Hampus\Documents\GitHub\SuitEmUp_\SuitEmUp_Basev2\thelastbox\Release\Animation.obj
C:\Users\Hampus\Documents\GitHub\SuitEmUp_\SuitEmUp_Basev2\thelastbox\Release\CollisionMan.obj
C:\Users\Hampus\Documents\GitHub\SuitEmUp_\SuitEmUp_Basev2\thelastbox\Release\Crossbow.obj
C:\Users\Hampus\Documents\GitHub\SuitEmUp_\SuitEmUp_Basev2\thelastbox\Release\CursorObject.obj
C:\Users\Hampus\Documents\GitHub\SuitEmUp_\SuitEmUp_Basev2\thelastbox\Release\EnemyBullet.obj
C:\Users\Hampus\Documents\GitHub\SuitEmUp_\SuitEmUp_Basev2\thelastbox\Release\EnemyObject.obj
C:\Users\Hampus\Documents\GitHub\SuitEmUp_\SuitEmUp_Basev2\thelastbox\Release\Enemy_Larva.obj
C:\Users\Hampus\Documents\GitHub\SuitEmUp_\SuitEmUp_Basev2\thelastbox\Release\Film_Grain.obj
C:\Users\Hampus\Documents\GitHub\SuitEmUp_\SuitEmUp_Basev2\thelastbox\Release\FontMan.obj
C:\Users\Hampus\Documents\GitHub\SuitEmUp_\SuitEmUp_Basev2\thelastbox\Release\Game.obj
C:\Users\Hampus\Documents\GitHub\SuitEmUp_\SuitEmUp_Basev2\thelastbox\Release\GameObject.obj
C:\Users\Hampus\Documents\GitHub\SuitEmUp_\SuitEmUp_Basev2\thelastbox\Release\Gamestate.obj
C:\Users\Hampus\Documents\GitHub\SuitEmUp_\SuitEmUp_Basev2\thelastbox\Release\Ground.obj
C:\Users\Hampus\Documents\GitHub\SuitEmUp_\SuitEmUp_Basev2\thelastbox\Release\Ground_Bump.obj
C:\Users\Hampus\Documents\GitHub\SuitEmUp_\SuitEmUp_Basev2\thelastbox\Release\Hidden_Wall.obj
C:\Users\Hampus\Documents\GitHub\SuitEmUp_\SuitEmUp_Basev2\thelastbox\Release\InputMan.obj
C:\Users\Hampus\Documents\GitHub\SuitEmUp_\SuitEmUp_Basev2\thelastbox\Release\Level_Wall.obj
C:\Users\Hampus\Documents\GitHub\SuitEmUp_\SuitEmUp_Basev2\thelastbox\Release\Main.obj
C:\Users\Hampus\Documents\GitHub\SuitEmUp_\SuitEmUp_Basev2\thelastbox\Release\Menustate.obj
C:\Users\Hampus\Documents\GitHub\SuitEmUp_\SuitEmUp_Basev2\thelastbox\Release\Menu_Button.obj
C:\Users\Hampus\Documents\GitHub\SuitEmUp_\SuitEmUp_Basev2\thelastbox\Release\Morker.obj
C:\Users\Hampus\Documents\GitHub\SuitEmUp_\SuitEmUp_Basev2\thelastbox\Release\MusicPlayer.obj
C:\Users\Hampus\Documents\GitHub\SuitEmUp_\SuitEmUp_Basev2\thelastbox\Release\NodeMan.obj
C:\Users\Hampus\Documents\GitHub\SuitEmUp_\SuitEmUp_Basev2\thelastbox\Release\Particle.obj
C:\Users\Hampus\Documents\GitHub\SuitEmUp_\SuitEmUp_Basev2\thelastbox\Release\ParticleEmitter.obj
C:\Users\Hampus\Documents\GitHub\SuitEmUp_\SuitEmUp_Basev2\thelastbox\Release\PauseMenu.obj
C:\Users\Hampus\Documents\GitHub\SuitEmUp_\SuitEmUp_Basev2\thelastbox\Release\PlayerBullet.obj
C:\Users\Hampus\Documents\GitHub\SuitEmUp_\SuitEmUp_Basev2\thelastbox\Release\PlayerObject.obj
C:\Users\Hampus\Documents\GitHub\SuitEmUp_\SuitEmUp_Basev2\thelastbox\Release\Player_Arms.obj
C:\Users\Hampus\Documents\GitHub\SuitEmUp_\SuitEmUp_Basev2\thelastbox\Release\Prompt.obj
C:\Users\Hampus\Documents\GitHub\SuitEmUp_\SuitEmUp_Basev2\thelastbox\Release\Scene.obj
C:\Users\Hampus\Documents\GitHub\SuitEmUp_\SuitEmUp_Basev2\thelastbox\Release\SceneNode.obj
C:\Users\Hampus\Documents\GitHub\SuitEmUp_\SuitEmUp_Basev2\thelastbox\Release\SoundPlayer.obj
C:\Users\Hampus\Documents\GitHub\SuitEmUp_\SuitEmUp_Basev2\thelastbox\Release\Star.obj
C:\Users\Hampus\Documents\GitHub\SuitEmUp_\SuitEmUp_Basev2\thelastbox\Release\Stateman.obj
C:\Users\Hampus\Documents\GitHub\SuitEmUp_\SuitEmUp_Basev2\thelastbox\Release\StateManager.obj
C:\Users\Hampus\Documents\GitHub\SuitEmUp_\SuitEmUp_Basev2\thelastbox\Release\stdafx.obj
C:\Users\Hampus\Documents\GitHub\SuitEmUp_\SuitEmUp_Basev2\thelastbox\Release\TextureMan.obj
C:\Users\Hampus\Documents\GitHub\SuitEmUp_\SuitEmUp_Basev2\thelastbox\Release\thelastbox.obj
C:\Users\Hampus\Documents\GitHub\SuitEmUp_\SuitEmUp_Basev2\thelastbox\Release\cl.command.1.tlog
C:\Users\Hampus\Documents\GitHub\SuitEmUp_\SuitEmUp_Basev2\thelastbox\Release\CL.read.1.tlog
C:\Users\Hampus\Documents\GitHub\SuitEmUp_\SuitEmUp_Basev2\thelastbox\Release\CL.write.1.tlog
C:\Users\Hampus\Documents\GitHub\SuitEmUp_\SuitEmUp_Basev2\thelastbox\Release\link-cvtres.read.1.tlog
C:\Users\Hampus\Documents\GitHub\SuitEmUp_\SuitEmUp_Basev2\thelastbox\Release\link-cvtres.write.1.tlog
C:\Users\Hampus\Documents\GitHub\SuitEmUp_\SuitEmUp_Basev2\thelastbox\Release\link-rc.read.1.tlog
C:\Users\Hampus\Documents\GitHub\SuitEmUp_\SuitEmUp_Basev2\thelastbox\Release\link-rc.write.1.tlog
C:\Users\Hampus\Documents\GitHub\SuitEmUp_\SuitEmUp_Basev2\thelastbox\Release\link.command.1.tlog
C:\Users\Hampus\Documents\GitHub\SuitEmUp_\SuitEmUp_Basev2\thelastbox\Release\link.read.1.tlog
C:\Users\Hampus\Documents\GitHub\SuitEmUp_\SuitEmUp_Basev2\thelastbox\Release\link.write.1.tlog
C:\Users\Hampus\Documents\GitHub\SuitEmUp_\SuitEmUp_Basev2\thelastbox\Release\thelastbox.pch
C:\Users\Hampus\Documents\GitHub\SuitEmUp_\SuitEmUp_Basev2\thelastbox\Release\vc110.pdb
C:\Users\Hampus\Documents\GitHub\SuitEmUp_\SuitEmUp_Basev2\Release\thelastbox.pdb
C:\Users\Hampus\Documents\GitHub\SuitEmUp_\SuitEmUp_Basev2\Release\thelastbox.exe
