Build started 2014-02-10 15:33:13.
     1>Project "C:\Users\MartinM93\Documents\GitHub\SuitEmUp_\SuitEmUp_Basev2\SuitEmUp\SuitEmUp.vcxproj" on node 2 (Rebuild target(s)).
     1>ClCompile:
         C:\Program Files (x86)\Microsoft Visual Studio 12.0\VC\bin\CL.exe /c /I"../deps/SFML-2.1x86/include" /Zi /nologo /W3 /WX- /O2 /Oi /Oy- /GL /D SFML_STATIC /D WIN32 /D NDEBUG /D _LIB /D _UNICODE /D UNICODE /Gm- /EHsc /MD /GS /Gy /fp:precise /Zc:wchar_t /Zc:forScope /Yc"stdafx.h" /Fp"../build/SuitEmUp/Release\SuitEmUp.pch" /Fo"../build/SuitEmUp/Release\\" /Fd"../build/SuitEmUp/Release\vc120.pdb" /Gd /TP /analyze- /errorReport:prompt stdafx.cpp
         stdafx.cpp
     1>c:\users\martinm93\documents\github\suitemup_\suitemup_basev2\suitemup\stdafx.h(14): warning C4615: #pragma warning : unknown user warning type
     1>c:\users\martinm93\documents\github\suitemup_\suitemup_basev2\suitemup\stdafx.h(15): warning C4005: 'SFML_STATIC' : macro redefinition
                 command-line arguments :  see previous definition of 'SFML_STATIC'
         C:\Program Files (x86)\Microsoft Visual Studio 12.0\VC\bin\CL.exe /c /I"../deps/SFML-2.1x86/include" /Zi /nologo /W3 /WX- /O2 /Oi /Oy- /GL /D SFML_STATIC /D WIN32 /D NDEBUG /D _LIB /D _UNICODE /D UNICODE /Gm- /EHsc /MD /GS /Gy /fp:precise /Zc:wchar_t /Zc:forScope /Yu"stdafx.h" /Fp"../build/SuitEmUp/Release\SuitEmUp.pch" /Fo"../build/SuitEmUp/Release\\" /Fd"../build/SuitEmUp/Release\vc120.pdb" /Gd /TP /analyze- /errorReport:prompt AnimatedSprite.cpp BulletObject.cpp Core.cpp DrawMan.cpp EnemyObject.cpp GameObject.cpp GameObjectMan.cpp Gamestate.cpp Main.cpp Menustate.cpp PlayerObject.cpp Sprite.cpp SpriteMan.cpp Stateman.cpp
         AnimatedSprite.cpp
         BulletObject.cpp
         Core.cpp
         DrawMan.cpp
         EnemyObject.cpp
         GameObject.cpp
         GameObjectMan.cpp
     1>GameObjectMan.cpp(12): warning C4018: '<' : signed/unsigned mismatch
     1>GameObjectMan.cpp(22): warning C4018: '<' : signed/unsigned mismatch
     1>GameObjectMan.cpp(37): warning C4018: '<' : signed/unsigned mismatch
     1>GameObjectMan.cpp(45): warning C4018: '<' : signed/unsigned mismatch
     1>GameObjectMan.cpp(56): warning C4018: '<' : signed/unsigned mismatch
         Gamestate.cpp
     1>Gamestate.cpp(55): warning C4018: '<' : signed/unsigned mismatch
         Main.cpp
         Menustate.cpp
         PlayerObject.cpp
     1>PlayerObject.cpp(28): warning C4244: 'argument' : conversion from 'int' to 'float', possible loss of data
     1>PlayerObject.cpp(39): warning C4244: 'initializing' : conversion from 'int' to 'float', possible loss of data
     1>PlayerObject.cpp(40): warning C4244: 'initializing' : conversion from 'int' to 'float', possible loss of data
     1>PlayerObject.cpp(50): warning C4244: 'argument' : conversion from 'int' to 'float', possible loss of data
     1>PlayerObject.cpp(50): warning C4244: 'initializing' : conversion from 'double' to 'float', possible loss of data
         Sprite.cpp
         SpriteMan.cpp
         Stateman.cpp
     1>Stateman.cpp(14): warning C4018: '<' : signed/unsigned mismatch
       Lib:
         C:\Program Files (x86)\Microsoft Visual Studio 12.0\VC\bin\Lib.exe /OUT:"../bin/SuitEmUp.exe" /LIBPATH:"../deps/SFML-2.1x86/lib" /NOLOGO /LTCG ../build/SuitEmUp/Release\AnimatedSprite.obj
         ../build/SuitEmUp/Release\BulletObject.obj
         ../build/SuitEmUp/Release\Core.obj
         ../build/SuitEmUp/Release\DrawMan.obj
         ../build/SuitEmUp/Release\EnemyObject.obj
         ../build/SuitEmUp/Release\GameObject.obj
         ../build/SuitEmUp/Release\GameObjectMan.obj
         ../build/SuitEmUp/Release\Gamestate.obj
         ../build/SuitEmUp/Release\Main.obj
         ../build/SuitEmUp/Release\Menustate.obj
         ../build/SuitEmUp/Release\PlayerObject.obj
         ../build/SuitEmUp/Release\Sprite.obj
         ../build/SuitEmUp/Release\SpriteMan.obj
         ../build/SuitEmUp/Release\Stateman.obj
         ../build/SuitEmUp/Release\stdafx.obj
         SuitEmUp.vcxproj -> C:\Users\MartinM93\Documents\GitHub\SuitEmUp_\SuitEmUp_Basev2\SuitEmUp\../bin/SuitEmUp.exe
     1>Done Building Project "C:\Users\MartinM93\Documents\GitHub\SuitEmUp_\SuitEmUp_Basev2\SuitEmUp\SuitEmUp.vcxproj" (Rebuild target(s)).

Build succeeded.

Time Elapsed 00:00:02.45
