c:\users\martinm93\documents\visual studio 2013\projects\suitemup_basev2\build\suitemup\debug\suitemup_d.pch
c:\users\martinm93\documents\visual studio 2013\projects\suitemup_basev2\build\suitemup\debug\stdafx.obj
c:\users\martinm93\documents\visual studio 2013\projects\suitemup_basev2\build\suitemup\debug\vc110.pdb
c:\users\martinm93\documents\visual studio 2013\projects\suitemup_basev2\build\suitemup\debug\main.obj
c:\users\martinm93\documents\visual studio 2013\projects\suitemup_basev2\build\suitemup\debug\menustate.obj
c:\users\martinm93\documents\github\suitemup_\suitemup_basev2\build\suitemup\debug\suitemup_d.pch
c:\users\martinm93\documents\github\suitemup_\suitemup_basev2\build\suitemup\debug\stdafx.obj
c:\users\martinm93\documents\github\suitemup_\suitemup_basev2\build\suitemup\debug\vc110.pdb
c:\users\martinm93\documents\github\suitemup_\suitemup_basev2\build\suitemup\debug\animatedsprite.obj
c:\users\martinm93\documents\github\suitemup_\suitemup_basev2\build\suitemup\debug\bulletobject.obj
c:\users\martinm93\documents\github\suitemup_\suitemup_basev2\build\suitemup\debug\core.obj
c:\users\martinm93\documents\github\suitemup_\suitemup_basev2\build\suitemup\debug\drawman.obj
c:\users\martinm93\documents\github\suitemup_\suitemup_basev2\build\suitemup\debug\enemyobject.obj
c:\users\martinm93\documents\github\suitemup_\suitemup_basev2\build\suitemup\debug\gameobject.obj
c:\users\martinm93\documents\github\suitemup_\suitemup_basev2\build\suitemup\debug\gameobjectman.obj
c:\users\martinm93\documents\github\suitemup_\suitemup_basev2\build\suitemup\debug\main.obj
c:\users\martinm93\documents\github\suitemup_\suitemup_basev2\build\suitemup\debug\menustate.obj
c:\users\martinm93\documents\github\suitemup_\suitemup_basev2\build\suitemup\debug\sprite.obj
c:\users\martinm93\documents\github\suitemup_\suitemup_basev2\build\suitemup\debug\spriteman.obj
c:\users\martinm93\documents\github\suitemup_\suitemup_basev2\build\suitemup\debug\stateman.obj
c:\users\martinm93\documents\github\suitemup_\suitemup_basev2\build\suitemup\debug\gamestate.obj
c:\users\martinm93\documents\github\suitemup_\suitemup_basev2\build\suitemup\debug\playerobject.obj
c:\users\martinm93\documents\visual studio 2013\projects\suitemup_basev2\bin\suitemup_d.ilk
c:\users\martinm93\documents\visual studio 2013\projects\suitemup_basev2\bin\suitemup_d.exe
c:\users\martinm93\documents\visual studio 2013\projects\suitemup_basev2\bin\suitemup_d.pdb
c:\users\martinm93\documents\github\suitemup_\suitemup_basev2\build\suitemup\debug\scenenode.obj
c:\users\martinm93\documents\github\suitemup_\suitemup_basev2\build\suitemup\debug\cl.command.1.tlog
c:\users\martinm93\documents\github\suitemup_\suitemup_basev2\build\suitemup\debug\cl.read.1.tlog
c:\users\martinm93\documents\github\suitemup_\suitemup_basev2\build\suitemup\debug\cl.write.1.tlog
c:\users\martinm93\documents\github\suitemup_\suitemup_basev2\build\suitemup\debug\link-cvtres.read.1.tlog
c:\users\martinm93\documents\github\suitemup_\suitemup_basev2\build\suitemup\debug\link-cvtres.write.1.tlog
c:\users\martinm93\documents\github\suitemup_\suitemup_basev2\build\suitemup\debug\link-rc.read.1.tlog
c:\users\martinm93\documents\github\suitemup_\suitemup_basev2\build\suitemup\debug\link-rc.write.1.tlog
c:\users\martinm93\documents\github\suitemup_\suitemup_basev2\build\suitemup\debug\link.1296-cvtres.read.1.tlog
c:\users\martinm93\documents\github\suitemup_\suitemup_basev2\build\suitemup\debug\link.1296-cvtres.write.1.tlog
c:\users\martinm93\documents\github\suitemup_\suitemup_basev2\build\suitemup\debug\link.1296-rc.read.1.tlog
c:\users\martinm93\documents\github\suitemup_\suitemup_basev2\build\suitemup\debug\link.1296-rc.write.1.tlog
c:\users\martinm93\documents\github\suitemup_\suitemup_basev2\build\suitemup\debug\link.1296.read.1.tlog
c:\users\martinm93\documents\github\suitemup_\suitemup_basev2\build\suitemup\debug\link.1296.read.2.tlog
c:\users\martinm93\documents\github\suitemup_\suitemup_basev2\build\suitemup\debug\link.1296.write.1.tlog
c:\users\martinm93\documents\github\suitemup_\suitemup_basev2\build\suitemup\debug\link.1328-cvtres.read.1.tlog
c:\users\martinm93\documents\github\suitemup_\suitemup_basev2\build\suitemup\debug\link.1328-cvtres.write.1.tlog
c:\users\martinm93\documents\github\suitemup_\suitemup_basev2\build\suitemup\debug\link.1328-rc.read.1.tlog
c:\users\martinm93\documents\github\suitemup_\suitemup_basev2\build\suitemup\debug\link.1328-rc.write.1.tlog
c:\users\martinm93\documents\github\suitemup_\suitemup_basev2\build\suitemup\debug\link.1328.read.1.tlog
c:\users\martinm93\documents\github\suitemup_\suitemup_basev2\build\suitemup\debug\link.1328.write.1.tlog
c:\users\martinm93\documents\github\suitemup_\suitemup_basev2\build\suitemup\debug\link.2160-cvtres.read.1.tlog
c:\users\martinm93\documents\github\suitemup_\suitemup_basev2\build\suitemup\debug\link.2160-cvtres.write.1.tlog
c:\users\martinm93\documents\github\suitemup_\suitemup_basev2\build\suitemup\debug\link.2160-rc.read.1.tlog
c:\users\martinm93\documents\github\suitemup_\suitemup_basev2\build\suitemup\debug\link.2160-rc.write.1.tlog
c:\users\martinm93\documents\github\suitemup_\suitemup_basev2\build\suitemup\debug\link.2160.read.1.tlog
c:\users\martinm93\documents\github\suitemup_\suitemup_basev2\build\suitemup\debug\link.2160.read.2.tlog
c:\users\martinm93\documents\github\suitemup_\suitemup_basev2\build\suitemup\debug\link.2160.write.1.tlog
c:\users\martinm93\documents\github\suitemup_\suitemup_basev2\build\suitemup\debug\link.2364-cvtres.read.1.tlog
c:\users\martinm93\documents\github\suitemup_\suitemup_basev2\build\suitemup\debug\link.2364-cvtres.write.1.tlog
c:\users\martinm93\documents\github\suitemup_\suitemup_basev2\build\suitemup\debug\link.2364-rc.read.1.tlog
c:\users\martinm93\documents\github\suitemup_\suitemup_basev2\build\suitemup\debug\link.2364-rc.write.1.tlog
c:\users\martinm93\documents\github\suitemup_\suitemup_basev2\build\suitemup\debug\link.2364.read.1.tlog
c:\users\martinm93\documents\github\suitemup_\suitemup_basev2\build\suitemup\debug\link.2364.read.2.tlog
c:\users\martinm93\documents\github\suitemup_\suitemup_basev2\build\suitemup\debug\link.2364.write.1.tlog
c:\users\martinm93\documents\github\suitemup_\suitemup_basev2\build\suitemup\debug\link.2444-cvtres.read.1.tlog
c:\users\martinm93\documents\github\suitemup_\suitemup_basev2\build\suitemup\debug\link.2444-cvtres.write.1.tlog
c:\users\martinm93\documents\github\suitemup_\suitemup_basev2\build\suitemup\debug\link.2444-rc.read.1.tlog
c:\users\martinm93\documents\github\suitemup_\suitemup_basev2\build\suitemup\debug\link.2444-rc.write.1.tlog
c:\users\martinm93\documents\github\suitemup_\suitemup_basev2\build\suitemup\debug\link.2444.read.1.tlog
c:\users\martinm93\documents\github\suitemup_\suitemup_basev2\build\suitemup\debug\link.2444.read.2.tlog
c:\users\martinm93\documents\github\suitemup_\suitemup_basev2\build\suitemup\debug\link.2444.write.1.tlog
c:\users\martinm93\documents\github\suitemup_\suitemup_basev2\build\suitemup\debug\link.2460-cvtres.read.1.tlog
c:\users\martinm93\documents\github\suitemup_\suitemup_basev2\build\suitemup\debug\link.2460-cvtres.write.1.tlog
c:\users\martinm93\documents\github\suitemup_\suitemup_basev2\build\suitemup\debug\link.2460-rc.read.1.tlog
c:\users\martinm93\documents\github\suitemup_\suitemup_basev2\build\suitemup\debug\link.2460-rc.write.1.tlog
c:\users\martinm93\documents\github\suitemup_\suitemup_basev2\build\suitemup\debug\link.2460.read.1.tlog
c:\users\martinm93\documents\github\suitemup_\suitemup_basev2\build\suitemup\debug\link.2460.read.2.tlog
c:\users\martinm93\documents\github\suitemup_\suitemup_basev2\build\suitemup\debug\link.2460.write.1.tlog
c:\users\martinm93\documents\github\suitemup_\suitemup_basev2\build\suitemup\debug\link.2556-cvtres.read.1.tlog
c:\users\martinm93\documents\github\suitemup_\suitemup_basev2\build\suitemup\debug\link.2556-cvtres.write.1.tlog
c:\users\martinm93\documents\github\suitemup_\suitemup_basev2\build\suitemup\debug\link.2556-rc.read.1.tlog
c:\users\martinm93\documents\github\suitemup_\suitemup_basev2\build\suitemup\debug\link.2556-rc.write.1.tlog
c:\users\martinm93\documents\github\suitemup_\suitemup_basev2\build\suitemup\debug\link.2556.read.1.tlog
c:\users\martinm93\documents\github\suitemup_\suitemup_basev2\build\suitemup\debug\link.2556.read.2.tlog
c:\users\martinm93\documents\github\suitemup_\suitemup_basev2\build\suitemup\debug\link.2556.write.1.tlog
c:\users\martinm93\documents\github\suitemup_\suitemup_basev2\build\suitemup\debug\link.2608-cvtres.read.1.tlog
c:\users\martinm93\documents\github\suitemup_\suitemup_basev2\build\suitemup\debug\link.2608-cvtres.write.1.tlog
c:\users\martinm93\documents\github\suitemup_\suitemup_basev2\build\suitemup\debug\link.2608-rc.read.1.tlog
c:\users\martinm93\documents\github\suitemup_\suitemup_basev2\build\suitemup\debug\link.2608-rc.write.1.tlog
c:\users\martinm93\documents\github\suitemup_\suitemup_basev2\build\suitemup\debug\link.2608.read.1.tlog
c:\users\martinm93\documents\github\suitemup_\suitemup_basev2\build\suitemup\debug\link.2608.read.2.tlog
c:\users\martinm93\documents\github\suitemup_\suitemup_basev2\build\suitemup\debug\link.2608.write.1.tlog
c:\users\martinm93\documents\github\suitemup_\suitemup_basev2\build\suitemup\debug\link.2696-cvtres.read.1.tlog
c:\users\martinm93\documents\github\suitemup_\suitemup_basev2\build\suitemup\debug\link.2696-cvtres.write.1.tlog
c:\users\martinm93\documents\github\suitemup_\suitemup_basev2\build\suitemup\debug\link.2696-rc.read.1.tlog
c:\users\martinm93\documents\github\suitemup_\suitemup_basev2\build\suitemup\debug\link.2696-rc.write.1.tlog
c:\users\martinm93\documents\github\suitemup_\suitemup_basev2\build\suitemup\debug\link.2696.read.1.tlog
c:\users\martinm93\documents\github\suitemup_\suitemup_basev2\build\suitemup\debug\link.2696.read.2.tlog
c:\users\martinm93\documents\github\suitemup_\suitemup_basev2\build\suitemup\debug\link.2696.write.1.tlog
c:\users\martinm93\documents\github\suitemup_\suitemup_basev2\build\suitemup\debug\link.2964-cvtres.read.1.tlog
c:\users\martinm93\documents\github\suitemup_\suitemup_basev2\build\suitemup\debug\link.2964-cvtres.write.1.tlog
c:\users\martinm93\documents\github\suitemup_\suitemup_basev2\build\suitemup\debug\link.2964-rc.read.1.tlog
c:\users\martinm93\documents\github\suitemup_\suitemup_basev2\build\suitemup\debug\link.2964-rc.write.1.tlog
c:\users\martinm93\documents\github\suitemup_\suitemup_basev2\build\suitemup\debug\link.2964.read.1.tlog
c:\users\martinm93\documents\github\suitemup_\suitemup_basev2\build\suitemup\debug\link.2964.read.2.tlog
c:\users\martinm93\documents\github\suitemup_\suitemup_basev2\build\suitemup\debug\link.2964.write.1.tlog
c:\users\martinm93\documents\github\suitemup_\suitemup_basev2\build\suitemup\debug\link.3120-cvtres.read.1.tlog
c:\users\martinm93\documents\github\suitemup_\suitemup_basev2\build\suitemup\debug\link.3120-cvtres.write.1.tlog
c:\users\martinm93\documents\github\suitemup_\suitemup_basev2\build\suitemup\debug\link.3120-rc.read.1.tlog
c:\users\martinm93\documents\github\suitemup_\suitemup_basev2\build\suitemup\debug\link.3120-rc.write.1.tlog
c:\users\martinm93\documents\github\suitemup_\suitemup_basev2\build\suitemup\debug\link.3120.read.1.tlog
c:\users\martinm93\documents\github\suitemup_\suitemup_basev2\build\suitemup\debug\link.3120.read.2.tlog
c:\users\martinm93\documents\github\suitemup_\suitemup_basev2\build\suitemup\debug\link.3120.write.1.tlog
c:\users\martinm93\documents\github\suitemup_\suitemup_basev2\build\suitemup\debug\link.3580-cvtres.read.1.tlog
c:\users\martinm93\documents\github\suitemup_\suitemup_basev2\build\suitemup\debug\link.3580-cvtres.write.1.tlog
c:\users\martinm93\documents\github\suitemup_\suitemup_basev2\build\suitemup\debug\link.3580-rc.read.1.tlog
c:\users\martinm93\documents\github\suitemup_\suitemup_basev2\build\suitemup\debug\link.3580-rc.write.1.tlog
c:\users\martinm93\documents\github\suitemup_\suitemup_basev2\build\suitemup\debug\link.3580.read.1.tlog
c:\users\martinm93\documents\github\suitemup_\suitemup_basev2\build\suitemup\debug\link.3580.read.2.tlog
c:\users\martinm93\documents\github\suitemup_\suitemup_basev2\build\suitemup\debug\link.3580.write.1.tlog
c:\users\martinm93\documents\github\suitemup_\suitemup_basev2\build\suitemup\debug\link.3608-cvtres.read.1.tlog
c:\users\martinm93\documents\github\suitemup_\suitemup_basev2\build\suitemup\debug\link.3608-cvtres.write.1.tlog
c:\users\martinm93\documents\github\suitemup_\suitemup_basev2\build\suitemup\debug\link.3608-rc.read.1.tlog
c:\users\martinm93\documents\github\suitemup_\suitemup_basev2\build\suitemup\debug\link.3608-rc.write.1.tlog
c:\users\martinm93\documents\github\suitemup_\suitemup_basev2\build\suitemup\debug\link.3608.read.1.tlog
c:\users\martinm93\documents\github\suitemup_\suitemup_basev2\build\suitemup\debug\link.3608.read.2.tlog
c:\users\martinm93\documents\github\suitemup_\suitemup_basev2\build\suitemup\debug\link.3608.write.1.tlog
c:\users\martinm93\documents\github\suitemup_\suitemup_basev2\build\suitemup\debug\link.3624-cvtres.read.1.tlog
c:\users\martinm93\documents\github\suitemup_\suitemup_basev2\build\suitemup\debug\link.3624-cvtres.write.1.tlog
c:\users\martinm93\documents\github\suitemup_\suitemup_basev2\build\suitemup\debug\link.3624-rc.read.1.tlog
c:\users\martinm93\documents\github\suitemup_\suitemup_basev2\build\suitemup\debug\link.3624-rc.write.1.tlog
c:\users\martinm93\documents\github\suitemup_\suitemup_basev2\build\suitemup\debug\link.3624.read.1.tlog
c:\users\martinm93\documents\github\suitemup_\suitemup_basev2\build\suitemup\debug\link.3624.read.2.tlog
c:\users\martinm93\documents\github\suitemup_\suitemup_basev2\build\suitemup\debug\link.3624.write.1.tlog
c:\users\martinm93\documents\github\suitemup_\suitemup_basev2\build\suitemup\debug\link.3784-cvtres.read.1.tlog
c:\users\martinm93\documents\github\suitemup_\suitemup_basev2\build\suitemup\debug\link.3784-cvtres.write.1.tlog
c:\users\martinm93\documents\github\suitemup_\suitemup_basev2\build\suitemup\debug\link.3784-rc.read.1.tlog
c:\users\martinm93\documents\github\suitemup_\suitemup_basev2\build\suitemup\debug\link.3784-rc.write.1.tlog
c:\users\martinm93\documents\github\suitemup_\suitemup_basev2\build\suitemup\debug\link.3784.read.1.tlog
c:\users\martinm93\documents\github\suitemup_\suitemup_basev2\build\suitemup\debug\link.3784.write.1.tlog
c:\users\martinm93\documents\github\suitemup_\suitemup_basev2\build\suitemup\debug\link.3924-cvtres.read.1.tlog
c:\users\martinm93\documents\github\suitemup_\suitemup_basev2\build\suitemup\debug\link.3924-cvtres.write.1.tlog
c:\users\martinm93\documents\github\suitemup_\suitemup_basev2\build\suitemup\debug\link.3924-rc.read.1.tlog
c:\users\martinm93\documents\github\suitemup_\suitemup_basev2\build\suitemup\debug\link.3924-rc.write.1.tlog
c:\users\martinm93\documents\github\suitemup_\suitemup_basev2\build\suitemup\debug\link.3924.read.1.tlog
c:\users\martinm93\documents\github\suitemup_\suitemup_basev2\build\suitemup\debug\link.3924.read.2.tlog
c:\users\martinm93\documents\github\suitemup_\suitemup_basev2\build\suitemup\debug\link.3924.write.1.tlog
c:\users\martinm93\documents\github\suitemup_\suitemup_basev2\build\suitemup\debug\link.4056-cvtres.read.1.tlog
c:\users\martinm93\documents\github\suitemup_\suitemup_basev2\build\suitemup\debug\link.4056-cvtres.write.1.tlog
c:\users\martinm93\documents\github\suitemup_\suitemup_basev2\build\suitemup\debug\link.4056-rc.read.1.tlog
c:\users\martinm93\documents\github\suitemup_\suitemup_basev2\build\suitemup\debug\link.4056-rc.write.1.tlog
c:\users\martinm93\documents\github\suitemup_\suitemup_basev2\build\suitemup\debug\link.4056.read.1.tlog
c:\users\martinm93\documents\github\suitemup_\suitemup_basev2\build\suitemup\debug\link.4056.read.2.tlog
c:\users\martinm93\documents\github\suitemup_\suitemup_basev2\build\suitemup\debug\link.4056.write.1.tlog
c:\users\martinm93\documents\github\suitemup_\suitemup_basev2\build\suitemup\debug\link.4400-cvtres.read.1.tlog
c:\users\martinm93\documents\github\suitemup_\suitemup_basev2\build\suitemup\debug\link.4400-cvtres.write.1.tlog
c:\users\martinm93\documents\github\suitemup_\suitemup_basev2\build\suitemup\debug\link.4400-rc.read.1.tlog
c:\users\martinm93\documents\github\suitemup_\suitemup_basev2\build\suitemup\debug\link.4400-rc.write.1.tlog
c:\users\martinm93\documents\github\suitemup_\suitemup_basev2\build\suitemup\debug\link.4400.read.1.tlog
c:\users\martinm93\documents\github\suitemup_\suitemup_basev2\build\suitemup\debug\link.4400.read.2.tlog
c:\users\martinm93\documents\github\suitemup_\suitemup_basev2\build\suitemup\debug\link.4400.write.1.tlog
c:\users\martinm93\documents\github\suitemup_\suitemup_basev2\build\suitemup\debug\link.4844-cvtres.read.1.tlog
c:\users\martinm93\documents\github\suitemup_\suitemup_basev2\build\suitemup\debug\link.4844-cvtres.write.1.tlog
c:\users\martinm93\documents\github\suitemup_\suitemup_basev2\build\suitemup\debug\link.4844-rc.read.1.tlog
c:\users\martinm93\documents\github\suitemup_\suitemup_basev2\build\suitemup\debug\link.4844-rc.write.1.tlog
c:\users\martinm93\documents\github\suitemup_\suitemup_basev2\build\suitemup\debug\link.4844.read.1.tlog
c:\users\martinm93\documents\github\suitemup_\suitemup_basev2\build\suitemup\debug\link.4844.write.1.tlog
c:\users\martinm93\documents\github\suitemup_\suitemup_basev2\build\suitemup\debug\link.4856-cvtres.read.1.tlog
c:\users\martinm93\documents\github\suitemup_\suitemup_basev2\build\suitemup\debug\link.4856-cvtres.write.1.tlog
c:\users\martinm93\documents\github\suitemup_\suitemup_basev2\build\suitemup\debug\link.4856-rc.read.1.tlog
c:\users\martinm93\documents\github\suitemup_\suitemup_basev2\build\suitemup\debug\link.4856-rc.write.1.tlog
c:\users\martinm93\documents\github\suitemup_\suitemup_basev2\build\suitemup\debug\link.4856.read.1.tlog
c:\users\martinm93\documents\github\suitemup_\suitemup_basev2\build\suitemup\debug\link.4856.read.2.tlog
c:\users\martinm93\documents\github\suitemup_\suitemup_basev2\build\suitemup\debug\link.4856.write.1.tlog
c:\users\martinm93\documents\github\suitemup_\suitemup_basev2\build\suitemup\debug\link.4984-cvtres.read.1.tlog
c:\users\martinm93\documents\github\suitemup_\suitemup_basev2\build\suitemup\debug\link.4984-cvtres.write.1.tlog
c:\users\martinm93\documents\github\suitemup_\suitemup_basev2\build\suitemup\debug\link.4984-rc.read.1.tlog
c:\users\martinm93\documents\github\suitemup_\suitemup_basev2\build\suitemup\debug\link.4984-rc.write.1.tlog
c:\users\martinm93\documents\github\suitemup_\suitemup_basev2\build\suitemup\debug\link.4984.read.1.tlog
c:\users\martinm93\documents\github\suitemup_\suitemup_basev2\build\suitemup\debug\link.4984.read.2.tlog
c:\users\martinm93\documents\github\suitemup_\suitemup_basev2\build\suitemup\debug\link.4984.write.1.tlog
c:\users\martinm93\documents\github\suitemup_\suitemup_basev2\build\suitemup\debug\link.5092-cvtres.read.1.tlog
c:\users\martinm93\documents\github\suitemup_\suitemup_basev2\build\suitemup\debug\link.5092-cvtres.write.1.tlog
c:\users\martinm93\documents\github\suitemup_\suitemup_basev2\build\suitemup\debug\link.5092-rc.read.1.tlog
c:\users\martinm93\documents\github\suitemup_\suitemup_basev2\build\suitemup\debug\link.5092-rc.write.1.tlog
c:\users\martinm93\documents\github\suitemup_\suitemup_basev2\build\suitemup\debug\link.5092.read.1.tlog
c:\users\martinm93\documents\github\suitemup_\suitemup_basev2\build\suitemup\debug\link.5092.read.2.tlog
c:\users\martinm93\documents\github\suitemup_\suitemup_basev2\build\suitemup\debug\link.5092.write.1.tlog
c:\users\martinm93\documents\github\suitemup_\suitemup_basev2\build\suitemup\debug\link.5104-cvtres.read.1.tlog
c:\users\martinm93\documents\github\suitemup_\suitemup_basev2\build\suitemup\debug\link.5104-cvtres.write.1.tlog
c:\users\martinm93\documents\github\suitemup_\suitemup_basev2\build\suitemup\debug\link.5104-rc.read.1.tlog
c:\users\martinm93\documents\github\suitemup_\suitemup_basev2\build\suitemup\debug\link.5104-rc.write.1.tlog
c:\users\martinm93\documents\github\suitemup_\suitemup_basev2\build\suitemup\debug\link.5104.read.1.tlog
c:\users\martinm93\documents\github\suitemup_\suitemup_basev2\build\suitemup\debug\link.5104.read.2.tlog
c:\users\martinm93\documents\github\suitemup_\suitemup_basev2\build\suitemup\debug\link.5104.write.1.tlog
c:\users\martinm93\documents\github\suitemup_\suitemup_basev2\build\suitemup\debug\link.5668-cvtres.read.1.tlog
c:\users\martinm93\documents\github\suitemup_\suitemup_basev2\build\suitemup\debug\link.5668-cvtres.write.1.tlog
c:\users\martinm93\documents\github\suitemup_\suitemup_basev2\build\suitemup\debug\link.5668-rc.read.1.tlog
c:\users\martinm93\documents\github\suitemup_\suitemup_basev2\build\suitemup\debug\link.5668-rc.write.1.tlog
c:\users\martinm93\documents\github\suitemup_\suitemup_basev2\build\suitemup\debug\link.5668.read.1.tlog
c:\users\martinm93\documents\github\suitemup_\suitemup_basev2\build\suitemup\debug\link.5668.read.2.tlog
c:\users\martinm93\documents\github\suitemup_\suitemup_basev2\build\suitemup\debug\link.5668.write.1.tlog
c:\users\martinm93\documents\github\suitemup_\suitemup_basev2\build\suitemup\debug\link.6628-cvtres.read.1.tlog
c:\users\martinm93\documents\github\suitemup_\suitemup_basev2\build\suitemup\debug\link.6628-cvtres.write.1.tlog
c:\users\martinm93\documents\github\suitemup_\suitemup_basev2\build\suitemup\debug\link.6628-rc.read.1.tlog
c:\users\martinm93\documents\github\suitemup_\suitemup_basev2\build\suitemup\debug\link.6628-rc.write.1.tlog
c:\users\martinm93\documents\github\suitemup_\suitemup_basev2\build\suitemup\debug\link.6628.read.1.tlog
c:\users\martinm93\documents\github\suitemup_\suitemup_basev2\build\suitemup\debug\link.6628.read.2.tlog
c:\users\martinm93\documents\github\suitemup_\suitemup_basev2\build\suitemup\debug\link.6628.write.1.tlog
c:\users\martinm93\documents\github\suitemup_\suitemup_basev2\build\suitemup\debug\link.6768-cvtres.read.1.tlog
c:\users\martinm93\documents\github\suitemup_\suitemup_basev2\build\suitemup\debug\link.6768-cvtres.write.1.tlog
c:\users\martinm93\documents\github\suitemup_\suitemup_basev2\build\suitemup\debug\link.6768-rc.read.1.tlog
c:\users\martinm93\documents\github\suitemup_\suitemup_basev2\build\suitemup\debug\link.6768-rc.write.1.tlog
c:\users\martinm93\documents\github\suitemup_\suitemup_basev2\build\suitemup\debug\link.6768.read.1.tlog
c:\users\martinm93\documents\github\suitemup_\suitemup_basev2\build\suitemup\debug\link.6768.read.2.tlog
c:\users\martinm93\documents\github\suitemup_\suitemup_basev2\build\suitemup\debug\link.6768.write.1.tlog
c:\users\martinm93\documents\github\suitemup_\suitemup_basev2\build\suitemup\debug\link.6932-cvtres.read.1.tlog
c:\users\martinm93\documents\github\suitemup_\suitemup_basev2\build\suitemup\debug\link.6932-cvtres.write.1.tlog
c:\users\martinm93\documents\github\suitemup_\suitemup_basev2\build\suitemup\debug\link.6932-rc.read.1.tlog
c:\users\martinm93\documents\github\suitemup_\suitemup_basev2\build\suitemup\debug\link.6932-rc.write.1.tlog
c:\users\martinm93\documents\github\suitemup_\suitemup_basev2\build\suitemup\debug\link.6932.read.1.tlog
c:\users\martinm93\documents\github\suitemup_\suitemup_basev2\build\suitemup\debug\link.6932.read.2.tlog
c:\users\martinm93\documents\github\suitemup_\suitemup_basev2\build\suitemup\debug\link.6932.write.1.tlog
c:\users\martinm93\documents\github\suitemup_\suitemup_basev2\build\suitemup\debug\link.7820-cvtres.read.1.tlog
c:\users\martinm93\documents\github\suitemup_\suitemup_basev2\build\suitemup\debug\link.7820-cvtres.write.1.tlog
c:\users\martinm93\documents\github\suitemup_\suitemup_basev2\build\suitemup\debug\link.7820-rc.read.1.tlog
c:\users\martinm93\documents\github\suitemup_\suitemup_basev2\build\suitemup\debug\link.7820-rc.write.1.tlog
c:\users\martinm93\documents\github\suitemup_\suitemup_basev2\build\suitemup\debug\link.7820.read.1.tlog
c:\users\martinm93\documents\github\suitemup_\suitemup_basev2\build\suitemup\debug\link.7820.read.2.tlog
c:\users\martinm93\documents\github\suitemup_\suitemup_basev2\build\suitemup\debug\link.7820.write.1.tlog
c:\users\martinm93\documents\github\suitemup_\suitemup_basev2\build\suitemup\debug\link.848-cvtres.read.1.tlog
c:\users\martinm93\documents\github\suitemup_\suitemup_basev2\build\suitemup\debug\link.848-cvtres.write.1.tlog
c:\users\martinm93\documents\github\suitemup_\suitemup_basev2\build\suitemup\debug\link.848-rc.read.1.tlog
c:\users\martinm93\documents\github\suitemup_\suitemup_basev2\build\suitemup\debug\link.848-rc.write.1.tlog
c:\users\martinm93\documents\github\suitemup_\suitemup_basev2\build\suitemup\debug\link.848.read.1.tlog
c:\users\martinm93\documents\github\suitemup_\suitemup_basev2\build\suitemup\debug\link.848.read.2.tlog
c:\users\martinm93\documents\github\suitemup_\suitemup_basev2\build\suitemup\debug\link.848.write.1.tlog
c:\users\martinm93\documents\github\suitemup_\suitemup_basev2\build\suitemup\debug\link.command.1.tlog
c:\users\martinm93\documents\github\suitemup_\suitemup_basev2\build\suitemup\debug\link.read.1.tlog
c:\users\martinm93\documents\github\suitemup_\suitemup_basev2\build\suitemup\debug\link.read.2.tlog
c:\users\martinm93\documents\github\suitemup_\suitemup_basev2\build\suitemup\debug\link.write.1.tlog
c:\users\martinm93\documents\github\suitemup_\suitemup_basev2\build\suitemup\debug\vc110.idb
c:\users\martinm93\documents\github\suitemup_\suitemup_basev2\build\suitemup\debug\vc120.idb
c:\users\martinm93\documents\github\suitemup_\suitemup_basev2\build\suitemup\debug\vc120.pdb
c:\users\martinm93\documents\github\suitemup_\suitemup_basev2\suitemup\../bin/suitemup_d.exe
